<?xml version="1.0" encoding="UTF-8"?>
<testng-results ignored="0" total="2" passed="2" failed="0" skipped="0">
  <reporter-output>
  </reporter-output>
  <suite started-at="2023-07-19T14:31:52 IST" name="Default suite" finished-at="2023-07-19T14:32:16 IST" duration-ms="23677">
    <groups>
    </groups>
    <test started-at="2023-07-19T14:31:52 IST" name="Default test" finished-at="2023-07-19T14:32:16 IST" duration-ms="23677">
      <class name="tests.homePageTest">
        <test-method is-config="true" signature="init()[pri:0, instance:tests.homePageTest@49e53c76]" started-at="2023-07-19T14:31:52 IST" name="init" finished-at="2023-07-19T14:32:06 IST" duration-ms="13533" status="PASS">
          <reporter-output>
          </reporter-output>
        </test-method> <!-- init -->
        <test-method signature="validateLogo()[pri:0, instance:tests.homePageTest@49e53c76]" started-at="2023-07-19T14:32:06 IST" name="validateLogo" finished-at="2023-07-19T14:32:06 IST" duration-ms="421" status="PASS">
          <reporter-output>
          </reporter-output>
        </test-method> <!-- validateLogo -->
        <test-method is-config="true" signature="TearDown()[pri:0, instance:tests.homePageTest@49e53c76]" started-at="2023-07-19T14:32:06 IST" name="TearDown" finished-at="2023-07-19T14:32:07 IST" duration-ms="927" status="PASS">
          <reporter-output>
          </reporter-output>
        </test-method> <!-- TearDown -->
        <test-method is-config="true" signature="init()[pri:0, instance:tests.homePageTest@49e53c76]" started-at="2023-07-19T14:32:07 IST" name="init" finished-at="2023-07-19T14:32:14 IST" duration-ms="7400" status="PASS">
          <reporter-output>
          </reporter-output>
        </test-method> <!-- init -->
        <test-method signature="validate_Currency_Symbol()[pri:0, instance:tests.homePageTest@49e53c76]" started-at="2023-07-19T14:32:14 IST" name="validate_Currency_Symbol" finished-at="2023-07-19T14:32:15 IST" duration-ms="354" status="PASS">
          <reporter-output>
          </reporter-output>
        </test-method> <!-- validate_Currency_Symbol -->
        <test-method is-config="true" signature="TearDown()[pri:0, instance:tests.homePageTest@49e53c76]" started-at="2023-07-19T14:32:15 IST" name="TearDown" finished-at="2023-07-19T14:32:16 IST" duration-ms="914" status="PASS">
          <reporter-output>
          </reporter-output>
        </test-method> <!-- TearDown -->
      </class> <!-- tests.homePageTest -->
    </test> <!-- Default test -->
  </suite> <!-- Default suite -->
</testng-results>
